hlcsg v4.0-VL-SC 64-bit (Oct 30 2020)
Zoner's Half-Life Compilation Tools -- Custom build for Sven Co-op 
Based on code modifications by Vluzacn (VL)
Based on code modifications by Sean "Zoner" Cavanaugh (4.0)
Based on Valve's version, modified with permission.
Submit detailed bug reports to http://forums.svencoop.com
-----  BEGIN  hlcsg -----
Command line: "D:\SteamLibrary\steamapps\common\Sven Co-op SDK\mapping\compilers\SC-CSG_x64.exe" "D:\SteamLibrary\steamapps\common\Sven Co-op\svencoop_addon\maps\Aniquilacion" 
Arguments: "D:\SteamLibrary\steamapps\common\Sven Co-op\svencoop_addon\maps\Aniquilacion" 
Entering D:\SteamLibrary\steamapps\common\Sven Co-op\svencoop_addon\maps\Aniquilacion.map

-= Current hlcsg Settings =-
Setting                        |  Map value            |  Default value        
-------------------------------|-----------------------|-----------------------
Verbose                         [                 off ] [                 off ]
Log                             [                  on ] [                  on ]
Developer mode                  [                   0 ] [                   0 ]
Estimate times                  [                 off ] [                 off ]
Statistics chart                [                 off ] [                 off ]
CPU thread count                [                   2 ] [              Varies ]
CPU process priority            [              Normal ] [              Normal ]
Texture data memory limit       [            67108864 ] [            67108864 ]
Lighting data memory limit      [            67108864 ] [            67108864 ]

Entities only                   [                 off ] [                 off ]
WAD textures                    [                  on ] [                  on ]
Clipping hull generation        [                  on ] [                 off ]
Clipping economy mode           [                 off ] [                 off ]
Clipping hull type              [              Simple ] [              Simple ]
Custom hull file                [                None ] [                None ]
Sky brush clipping              [                  on ] [                  on ]
Minimum surface area            [               0.000 ] [               0.000 ]
Brush union threshold           [               0.000 ] [               0.000 ]
NULL texture substitutions file [                None ] [                None ]
WAD configuration file          [                None ] [                None ]
WAD configuration name          [                None ] [                None ]
WAD auto-detect                 [                 off ] [                  on ]
Strip null texture faces        [                  on ] [                  on ]
Strip trigger texture faces     [                  on ] [                  on ]
Optimize engine light entities  [                  on ] [                  on ]
Convert game_text ANSI to UTF-8 [                  on ] [                  on ]
Scale the world                 [                None ] [                None ]


Using mapfile wad configuration
Wadinclude list :
[zhlt.wad]

CreateBrush:
 (1.37 seconds)
CSGBrush:
 (0.82 seconds)

added 57 additional animating textures.
Including Wadfile: \steamlibrary\steamapps\common\sven co-op\svencoop\zhlt.wad
 - Contains 4 used textures, 1.09 percent of map (19 textures in wad)
Using Wadfile: \steamlibrary\steamapps\common\sven co-op\svencoop\decals.wad
 - Contains 0 used textures, 0.00 percent of map (245 textures in wad)
Using Wadfile: \steamlibrary\steamapps\common\sven co-op\svencoop\halflife.wad
 - Contains 348 used textures, 95.08 percent of map (3116 textures in wad)
Using Wadfile: \steamlibrary\steamapps\common\sven co-op\svencoop\liquids.wad
 - Contains 0 used textures, 0.00 percent of map (32 textures in wad)
Using Wadfile: \steamlibrary\steamapps\common\sven co-op\svencoop\xeno.wad
 - Contains 1 used texture, 0.27 percent of map (264 textures in wad)
Using Wadfile: \steamlibrary\steamapps\common\sven co-op\svencoop\jp_dev.wad
 - Contains 3 used textures, 0.82 percent of map (119 textures in wad)
Using Wadfile: \steamlibrary\steamapps\common\sven co-op\svencoop\cs_bdog.wad
 - Contains 10 used textures, 2.73 percent of map (25 textures in wad)

Wad files required to run the map: "decals.wad;halflife.wad;liquids.wad;xeno.wad;jp_dev.wad;cs_bdog.wad;"
Texture usage is at 4.42 mb (of 64.00 mb MAX)
3.40 seconds elapsed

-----   END   hlcsg -----



hlbsp v4.0-VL-SC 64-bit (Oct 30 2020)
Zoner's Half-Life Compilation Tools -- Custom build for Sven Co-op 
Based on code modifications by Vluzacn (VL)
Based on code modifications by Sean "Zoner" Cavanaugh (4.0)
Based on Valve's version, modified with permission.
Submit detailed bug reports to http://forums.svencoop.com
-----  BEGIN  hlbsp -----
Command line: "D:\SteamLibrary\steamapps\common\Sven Co-op SDK\mapping\compilers\SC-BSP_x64.exe" "D:\SteamLibrary\steamapps\common\Sven Co-op\svencoop_addon\maps\Aniquilacion" 
Arguments: "D:\SteamLibrary\steamapps\common\Sven Co-op\svencoop_addon\maps\Aniquilacion" 

-= Current hlbsp Settings =-
Setting                        |  Map value            |  Default value        
-------------------------------|-----------------------|-----------------------
Verbose                         [                 off ] [                 off ]
Log                             [                  on ] [                  on ]
Developer mode                  [                   0 ] [                   0 ]
Estimate times                  [                 off ] [                 off ]
Statistics chart                [                 off ] [                 off ]
CPU thread count                [                   2 ] [              Varies ]
CPU process priority            [              Normal ] [              Normal ]
Texture data memory limit       [            67108864 ] [            67108864 ]
Lighting data memory limit      [            67108864 ] [            67108864 ]

Leak only mode                  [                 off ] [                 off ]
Face subdivide size             [                 528 ] [                 528 ]
Maximum portal node size        [                1024 ] [                1024 ]
Don't break edges on T-juncs?   [                 off ] [                 off ]
Don't smooth brinks?            [                 off ] [                 off ]
Don't process the clipping hull?[                 off ] [                 off ]
Don't fill outside?             [                 off ] [                 off ]
Don't fill empty spaces?        [                 off ] [                 off ]
Don't optimize planes?          [                 off ] [                 off ]
Don't optimize clip nodes?      [                 off ] [                 off ]
Don't strip NULL textures?      [                 off ] [                 off ]
Don't generate hull 2?          [                 off ] [                 off ]
Show portal boundaries in PTS?  [                 off ] [                 off ]


SolidBSP [hull 0] Warning: Ambiguous leafnode content ( EMPTY and SOLID ) at (8133,9562,216)-(8138,9565,224) in hull 0 of model 0 (entity: classname "worldspawn", origin "", targetname "")
500...1000...1500...2000...2500...3000...3288 (0.55 seconds)
BSP generation successful, writing portal file 'D:\SteamLibrary\steamapps\common\Sven Co-op\svencoop_addon\maps\Aniquilacion.prt'
SolidBSP [hull 1] 500...Warning: Ambiguous leafnode content ( EMPTY and SOLID ) at (8120,9578,180)-(8122,9579,260) in hull 1 of model 0 (entity: classname "worldspawn", origin "", targetname "")
Warning: Ambiguous leafnode content ( EMPTY and SOLID ) at (8076,9501,260)-(8122,9514,268) in hull 1 of model 0 (entity: classname "worldspawn", origin "", targetname "")
1000...1500...2000...2500...3000...3500...3631 (0.44 seconds)
SolidBSP [hull 2] Warning: Ambiguous leafnode content ( EMPTY and SOLID ) at (8060,9517,256)-(8106,9530,264) in hull 2 of model 0 (entity: classname "worldspawn", origin "", targetname "")
500...1000...1500...2000...2500...3000...3433 (0.41 seconds)
SolidBSP [hull 3] 500...Warning: Ambiguous leafnode content ( EMPTY and SOLID ) at (8076,9501,242)-(8122,9514,250) in hull 3 of model 0 (entity: classname "worldspawn", origin "", targetname "")
Warning: Ambiguous leafnode content ( EMPTY and SOLID ) at (8049,9479,198)-(8057,9509,239) in hull 3 of model 0 (entity: classname "worldspawn", origin "", targetname "")
1000...Warning: Ambiguous leafnode content ( EMPTY and SOLID ) at (7783,8512,146)-(7824,8526,162) in hull 3 of model 0 (entity: classname "worldspawn", origin "", targetname "")
1500...2000...2500...3000...3500...3943 (0.50 seconds)
Warning: No visible brushes in solid entity: model 345 (entity: classname "func_breakable", origin "", targetname "final", range (9088,8976,512) - (9472,8992,752))
Reduced 18061 clipnodes to 17375
Reduced 2090 texinfos to 1904
Reduced 366 texdatas to 362 (20556 bytes to 17044)
Reduced 20176 planes to 7252
FixBrinks:
Increased 17375 clipnodes to 17645.
5.43 seconds elapsed

-----   END   hlbsp -----



hlvis v4.0-VL-SC 64-bit (Oct 30 2020)
Zoner's Half-Life Compilation Tools -- Custom build for Sven Co-op 
Based on code modifications by Vluzacn (VL)
Based on code modifications by Sean "Zoner" Cavanaugh (4.0)
Based on Valve's version, modified with permission.
Submit detailed bug reports to http://forums.svencoop.com
-----  BEGIN  hlvis -----
Command line: "D:\SteamLibrary\steamapps\common\Sven Co-op SDK\mapping\compilers\SC-VIS_x64.exe" "D:\SteamLibrary\steamapps\common\Sven Co-op\svencoop_addon\maps\Aniquilacion" 
Arguments: "D:\SteamLibrary\steamapps\common\Sven Co-op\svencoop_addon\maps\Aniquilacion" 
1168 portalleafs
3908 numportals

-= Current hlvis Settings =-
Setting                        |  Map value            |  Default value        
-------------------------------|-----------------------|-----------------------
Verbose                         [                 off ] [                 off ]
Log                             [                  on ] [                  on ]
Developer mode                  [                   0 ] [                   0 ]
Estimate times                  [                 off ] [                 off ]
Statistics chart                [                 off ] [                 off ]
CPU thread count                [                   2 ] [              Varies ]
CPU process priority            [              Normal ] [              Normal ]
Texture data memory limit       [            67108864 ] [            67108864 ]
Lighting data memory limit      [            67108864 ] [            67108864 ]

Fast mode                       [                 off ] [                 off ]
Full mode                       [                 off ] [                 off ]


BasePortalVis:
 (1.84 seconds)
LeafThread:
 (68.96 seconds)
average leafs visible: 128
g_visdatasize:45712  compressed from 170528
70.86 seconds elapsed [1m 10s]

-----   END   hlvis -----



hlrad v4.0-VL-SC 64-bit (Oct 30 2020)
Zoner's Half-Life Compilation Tools -- Custom build for Sven Co-op 
Based on code modifications by Vluzacn (VL)
Based on code modifications by Sean "Zoner" Cavanaugh (4.0)
Based on Valve's version, modified with permission.
Submit detailed bug reports to http://forums.svencoop.com
-----  BEGIN  hlrad -----
Command line: "D:\SteamLibrary\steamapps\common\Sven Co-op SDK\mapping\compilers\SC-RAD_x64.exe" "D:\SteamLibrary\steamapps\common\Sven Co-op\svencoop_addon\maps\Aniquilacion" 
Arguments: "D:\SteamLibrary\steamapps\common\Sven Co-op\svencoop_addon\maps\Aniquilacion" 

-= Current hlrad Settings =-
Setting                        |  Map value            |  Default value        
-------------------------------|-----------------------|-----------------------
Verbose                         [                 off ] [                 off ]
Log                             [                  on ] [                  on ]
Developer mode                  [                   0 ] [                   0 ]
Estimate times                  [                 off ] [                 off ]
Statistics chart                [                 off ] [                 off ]
CPU thread count                [                   2 ] [              Varies ]
CPU process priority            [              Normal ] [              Normal ]
Texture data memory limit       [            67108864 ] [            67108864 ]
Lighting data memory limit      [            67108864 ] [            67108864 ]

Fast mode                       [                 off ] [                 off ]
Extra mode                      [                 off ] [                 off ]
Visibility matrix               [              Sparse ] [              Sparse ]
Bounces                         [                   8 ] [                   8 ]
Ambient world light (R G B)     [   0.000 0.000 0.000 ] [   0.000 0.000 0.000 ]
Light clipping threshold        [             188.000 ] [             188.000 ]
Circus mode?                    [                 off ] [                 off ]
Disable sunlight spread angles? [                 off ] [                 off ]
Disable opaque light flags?     [                 off ] [                 off ]
Smoothing t.hold for blending   [              50.000 ] [              50.000 ]
Smoothing t.hold diff textures  [                 N/A ] [                 N/A ]
Patch size for normal textures  [              64.000 ] [              64.000 ]
Patch size for t-light faces    [              32.000 ] [              32.000 ]
Scale patches with texture?     [                  on ] [                  on ]
Patch subdividing?              [                  on ] [                  on ]
Lighting threshold before black [               0.010 ] [               0.010 ]
Direct lighting threshold       [              10.000 ] [              10.000 ]
Direct lighting scale           [               1.000 ] [               1.000 ]
Disable interpolation?          [                 off ] [                 off ]
Global fade                     [               1.000 ] [               1.000 ]
Global gap distance for t-light [               0.000 ] [               0.000 ]
Global light scale (R G B)      [   2.000 2.000 2.000 ] [   2.000 2.000 2.000 ]
Global gamma (R G B)            [   0.550 0.550 0.550 ] [   0.550 0.550 0.550 ]
Ambient sunlight shade contrib. [               1.000 ] [               1.000 ]
Disable sky light being global? [                 off ] [                 off ]
Use incremental transfer list?  [                 off ] [                 off ]
Dump light patches?             [                 off ] [                 off ]
Colour jitter (R G B)           [         0.0 0.0 0.0 ] [         0.0 0.0 0.0 ]
Monochromatic jitter (R G B)    [         0.0 0.0 0.0 ] [         0.0 0.0 0.0 ]
Custom shadows with bounces?    [                 off ] [                 off ]
Enable RBG transfers?           [                 off ] [                 off ]
Minimum final light             [                   0 ] [                   0 ]
Compress transfers?             [               16bit ] [               16bit ]
Compress RGB transfers?         [               32bit ] [               32bit ]
Smooth skylight?                [                  on ] [                  on ]
Thickness of translucent faces  [               2.000 ] [               2.000 ]
Remove black around opaques?    [                  on ] [                  on ]
Don't load textures?            [                 off ] [                 off ]
Reflection gamma                [               1.760 ] [               1.760 ]
Reflection scale                [               0.700 ] [               0.700 ]
Blur size                       [               1.500 ] [               1.500 ]
Don't fix pointy t-lights?      [                 off ] [                 off ]
Don't fix wall bleeding?        [                 off ] [                 off ]


Load Textures:
Using Wadfile: D:\SteamLibrary\steamapps\common\Sven Co-op\svencoop_addon\maps\Aniquilacion.wa_
362 textures referenced
Reading texlights from 'D:\SteamLibrary\steamapps\common\Sven Co-op SDK\mapping\compilers\lights.rad'
Reading texlights from info_texlights map entity
0 opaque models
0 opaque faces
6700 faces
Create Patches : 32074 base patches
622743 square feet [89675040.00 square inches]
376 direct lights and 0 fast direct lights
6 light styles

FindFacePositions:
 (6.28 seconds)
BuildFacelights:
 (19.02 seconds)
BuildVisLeafs:
 (21.29 seconds)
visibility matrix   :  12.3 megs
MakeScales:
 (51.21 seconds)
Transfer Lists :    27464131 :    27.46M transfers
       Indices :    15299492 :    14.59M bytes
          Data :    55022918 :    52.47M bytes
Bounce 1 GatherLight:
 (0.77 seconds)
Bounce 2 GatherLight:
 (1.01 seconds)
Bounce 3 GatherLight:
 (1.02 seconds)
Bounce 4 GatherLight:
 (1.02 seconds)
Bounce 5 GatherLight:
 (1.02 seconds)
Bounce 6 GatherLight:
 (1.02 seconds)
Bounce 7 GatherLight:
 (1.02 seconds)
Bounce 8 GatherLight:
 (1.02 seconds)
CreateTriangulations:
 (0.43 seconds)
AddPatchLights:
 (26.70 seconds)
FinalLightFace:
 (0.11 seconds)
135.05 seconds elapsed [2m 15s]

-----   END   hlrad -----



